<?xml version="1.0" encoding="UTF-8" ?>
<testsuite tests="2" failures="0" name="com.example.rest.MyResourceTest" time="1.38" errors="2" skipped="0">
  <properties>
[...]
</properties>
  <testcase classname="com.example.rest.MyResourceTest" name="testGetIt" time="0.689">
    <error message="Validation of the application resource model has failed during application initialization.
[[FATAL] A resource model has ambiguous (sub-)resource method for HTTP method POST and input mime-types as defined by&quot;@Consumes&quot; and &quot;@Produces&quot; annotations at Java methods public javax.ws.rs.core.Response com.example.rest.PerfilApi.editPerfil(java.lang.Integer,java.lang.String) throws com.fasterxml.jackson.core.JsonProcessingException and public javax.ws.rs.core.Response com.example.rest.PerfilApi.editarPerfil(java.lang.Integer,java.lang.String) throws com.fasterxml.jackson.core.JsonProcessingException at matching regular expression /edit/([^/]+). These two methods produces and consumes exactly the same mime-types and therefore their invocation as a resource methods will always fail.; source=&apos;org.glassfish.jersey.server.model.RuntimeResource@b4711e2&apos;]" type="org.glassfish.jersey.server.model.ModelValidationException">org.glassfish.jersey.server.model.ModelValidationException: Validation of the application resource model has failed during application initialization.
[[FATAL] A resource model has ambiguous (sub-)resource method for HTTP method POST and input mime-types as defined by&quot;@Consumes&quot; and &quot;@Produces&quot; annotations at Java methods public javax.ws.rs.core.Response com.example.rest.PerfilApi.editPerfil(java.lang.Integer,java.lang.String) throws com.fasterxml.jackson.core.JsonProcessingException and public javax.ws.rs.core.Response com.example.rest.PerfilApi.editarPerfil(java.lang.Integer,java.lang.String) throws com.fasterxml.jackson.core.JsonProcessingException at matching regular expression /edit/([^/]+). These two methods produces and consumes exactly the same mime-types and therefore their invocation as a resource methods will always fail.; source=&apos;org.glassfish.jersey.server.model.RuntimeResource@b4711e2&apos;]
	at org.glassfish.jersey.server.ApplicationHandler.initialize(ApplicationHandler.java:528)
	at org.glassfish.jersey.server.ApplicationHandler.access$500(ApplicationHandler.java:166)
	at org.glassfish.jersey.server.ApplicationHandler$3.run(ApplicationHandler.java:327)
	at org.glassfish.jersey.internal.Errors$2.call(Errors.java:289)
	at org.glassfish.jersey.internal.Errors$2.call(Errors.java:286)
	at org.glassfish.jersey.internal.Errors.process(Errors.java:315)
	at org.glassfish.jersey.internal.Errors.process(Errors.java:297)
	at org.glassfish.jersey.internal.Errors.processWithException(Errors.java:286)
	at org.glassfish.jersey.server.ApplicationHandler.&lt;init&gt;(ApplicationHandler.java:324)
	at org.glassfish.jersey.server.ApplicationHandler.&lt;init&gt;(ApplicationHandler.java:289)
	at org.glassfish.jersey.grizzly2.httpserver.GrizzlyHttpContainer.&lt;init&gt;(GrizzlyHttpContainer.java:334)
	at org.glassfish.jersey.grizzly2.httpserver.GrizzlyHttpServerFactory.createHttpServer(GrizzlyHttpServerFactory.java:122)
	at com.example.rest.Main.startServer(Main.java:29)
	at com.example.rest.MyResourceTest.setUp(MyResourceTest.java:22)
	at java.base/jdk.internal.reflect.DirectMethodHandleAccessor.invoke(DirectMethodHandleAccessor.java:103)
	at java.base/java.lang.reflect.Method.invoke(Method.java:580)
	at org.junit.runners.model.FrameworkMethod$1.runReflectiveCall(FrameworkMethod.java:44)
	at org.junit.internal.runners.model.ReflectiveCallable.run(ReflectiveCallable.java:15)
	at org.junit.runners.model.FrameworkMethod.invokeExplosively(FrameworkMethod.java:41)
	at org.junit.internal.runners.statements.RunBefores.evaluate(RunBefores.java:27)
	at org.junit.internal.runners.statements.RunAfters.evaluate(RunAfters.java:31)
	at org.junit.runners.ParentRunner.runLeaf(ParentRunner.java:263)
	at org.junit.runners.BlockJUnit4ClassRunner.runChild(BlockJUnit4ClassRunner.java:69)
	at org.junit.runners.BlockJUnit4ClassRunner.runChild(BlockJUnit4ClassRunner.java:48)
	at org.junit.runners.ParentRunner$3.run(ParentRunner.java:231)
	at org.junit.runners.ParentRunner$1.schedule(ParentRunner.java:60)
	at org.junit.runners.ParentRunner.runChildren(ParentRunner.java:229)
	at org.junit.runners.ParentRunner.access$000(ParentRunner.java:50)
	at org.junit.runners.ParentRunner$2.evaluate(ParentRunner.java:222)
	at org.junit.runners.ParentRunner.run(ParentRunner.java:292)
	at org.apache.maven.surefire.junit4.JUnit4Provider.execute(JUnit4Provider.java:252)
	at org.apache.maven.surefire.junit4.JUnit4Provider.executeTestSet(JUnit4Provider.java:141)
	at org.apache.maven.surefire.junit4.JUnit4Provider.invoke(JUnit4Provider.java:112)
	at java.base/jdk.internal.reflect.DirectMethodHandleAccessor.invoke(DirectMethodHandleAccessor.java:103)
	at java.base/java.lang.reflect.Method.invoke(Method.java:580)
	at org.apache.maven.surefire.util.ReflectionUtils.invokeMethodWithArray(ReflectionUtils.java:189)
	at org.apache.maven.surefire.booter.ProviderFactory$ProviderProxy.invoke(ProviderFactory.java:165)
	at org.apache.maven.surefire.booter.ProviderFactory.invokeProvider(ProviderFactory.java:85)
	at org.apache.maven.surefire.booter.ForkedBooter.runSuitesInProcess(ForkedBooter.java:115)
	at org.apache.maven.surefire.booter.ForkedBooter.main(ForkedBooter.java:75)
</error>
    <system-err>dic 12, 2024 12:55:47 P. M. org.glassfish.jersey.internal.Errors logErrors
GRAVE: Following issues have been detected: 
WARNING: A resource model has ambiguous (sub-)resource method for HTTP method POST and input mime-types as defined by&quot;@Consumes&quot; and &quot;@Produces&quot; annotations at Java methods public javax.ws.rs.core.Response com.example.rest.PerfilApi.editPerfil(java.lang.Integer,java.lang.String) throws com.fasterxml.jackson.core.JsonProcessingException and public javax.ws.rs.core.Response com.example.rest.PerfilApi.editarPerfil(java.lang.Integer,java.lang.String) throws com.fasterxml.jackson.core.JsonProcessingException at matching regular expression /edit/([^/]+). These two methods produces and consumes exactly the same mime-types and therefore their invocation as a resource methods will always fail.

</system-err>
  </testcase>
  <testcase classname="com.example.rest.MyResourceTest" name="testGetIt" time="0.691">
    <error message="Cannot invoke &quot;org.glassfish.grizzly.http.server.HttpServer.shutdownNow()&quot; because &quot;this.server&quot; is null" type="java.lang.NullPointerException">java.lang.NullPointerException: Cannot invoke &quot;org.glassfish.grizzly.http.server.HttpServer.shutdownNow()&quot; because &quot;this.server&quot; is null
	at com.example.rest.MyResourceTest.tearDown(MyResourceTest.java:37)
	at java.base/jdk.internal.reflect.DirectMethodHandleAccessor.invoke(DirectMethodHandleAccessor.java:103)
	at java.base/java.lang.reflect.Method.invoke(Method.java:580)
	at org.junit.runners.model.FrameworkMethod$1.runReflectiveCall(FrameworkMethod.java:44)
	at org.junit.internal.runners.model.ReflectiveCallable.run(ReflectiveCallable.java:15)
	at org.junit.runners.model.FrameworkMethod.invokeExplosively(FrameworkMethod.java:41)
	at org.junit.internal.runners.statements.RunAfters.evaluate(RunAfters.java:37)
	at org.junit.runners.ParentRunner.runLeaf(ParentRunner.java:263)
	at org.junit.runners.BlockJUnit4ClassRunner.runChild(BlockJUnit4ClassRunner.java:69)
	at org.junit.runners.BlockJUnit4ClassRunner.runChild(BlockJUnit4ClassRunner.java:48)
	at org.junit.runners.ParentRunner$3.run(ParentRunner.java:231)
	at org.junit.runners.ParentRunner$1.schedule(ParentRunner.java:60)
	at org.junit.runners.ParentRunner.runChildren(ParentRunner.java:229)
	at org.junit.runners.ParentRunner.access$000(ParentRunner.java:50)
	at org.junit.runners.ParentRunner$2.evaluate(ParentRunner.java:222)
	at org.junit.runners.ParentRunner.run(ParentRunner.java:292)
	at org.apache.maven.surefire.junit4.JUnit4Provider.execute(JUnit4Provider.java:252)
	at org.apache.maven.surefire.junit4.JUnit4Provider.executeTestSet(JUnit4Provider.java:141)
	at org.apache.maven.surefire.junit4.JUnit4Provider.invoke(JUnit4Provider.java:112)
	at java.base/jdk.internal.reflect.DirectMethodHandleAccessor.invoke(DirectMethodHandleAccessor.java:103)
	at java.base/java.lang.reflect.Method.invoke(Method.java:580)
	at org.apache.maven.surefire.util.ReflectionUtils.invokeMethodWithArray(ReflectionUtils.java:189)
	at org.apache.maven.surefire.booter.ProviderFactory$ProviderProxy.invoke(ProviderFactory.java:165)
	at org.apache.maven.surefire.booter.ProviderFactory.invokeProvider(ProviderFactory.java:85)
	at org.apache.maven.surefire.booter.ForkedBooter.runSuitesInProcess(ForkedBooter.java:115)
	at org.apache.maven.surefire.booter.ForkedBooter.main(ForkedBooter.java:75)
</error>
  </testcase>
</testsuite>